<?xml version="1.0" encoding="UTF-8"?>
<!-- Generated by org.testng.reporters.JUnitXMLReporter -->
<testsuite ignored="0" hostname="Archana" failures="1" tests="1" name="BankingApp Test" time="49.107" errors="0" timestamp="2022-09-02T11:30:09 IST">
  <testcase classname="com.inetbanking.testCases.TC_AddCustomerTest_003" name="AddNewCustomer" time="39.111">
    <failure type="java.lang.AssertionError">
      <![CDATA[java.lang.AssertionError
at org.junit.Assert.fail(Assert.java:86)
at org.junit.Assert.assertTrue(Assert.java:41)
at org.junit.Assert.assertTrue(Assert.java:52)
at com.inetbanking.testCases.TC_AddCustomerTest_003.AddNewCustomer(TC_AddCustomerTest_003.java:55)
at java.base/java.util.ArrayList.forEach(ArrayList.java:1511)
... Removed 27 stack frames]]>
    </failure>
  </testcase> <!-- AddNewCustomer -->
</testsuite> <!-- BankingApp Test -->
