<?xml version="1.0" encoding="UTF-8"?>
<!-- Generated by org.testng.reporters.JUnitXMLReporter -->
<testsuite ignored="0" hostname="Archana" failures="2" tests="5" name="Test" time="0.459" errors="0" timestamp="2022-08-31T13:21:29 IST">
  <testcase classname="extentReport.TestCaseExample" name="testMethod1" time="0.013"/>
  <testcase classname="extentReport.TestCaseExample" name="testMethod2" time="0.006">
    <failure type="java.lang.AssertionError">
      <![CDATA[java.lang.AssertionError
at org.junit.Assert.fail(Assert.java:86)
at org.junit.Assert.assertTrue(Assert.java:41)
at org.junit.Assert.assertTrue(Assert.java:52)
at extentReport.TestCaseExample.testMethod2(TestCaseExample.java:20)
at java.base/java.util.ArrayList.forEach(ArrayList.java:1511)
... Removed 27 stack frames]]>
    </failure>
  </testcase> <!-- testMethod2 -->
  <testcase classname="extentReport.TestCaseExample" name="testMethod3" time="0.01">
    <failure type="java.lang.AssertionError">
      <![CDATA[java.lang.AssertionError
at org.junit.Assert.fail(Assert.java:86)
at org.junit.Assert.assertTrue(Assert.java:41)
at org.junit.Assert.assertTrue(Assert.java:52)
at extentReport.TestCaseExample.testMethod3(TestCaseExample.java:27)
at java.base/java.util.ArrayList.forEach(ArrayList.java:1511)
... Removed 27 stack frames]]>
    </failure>
  </testcase> <!-- testMethod3 -->
  <testcase classname="extentReport.TestCaseExample" name="testMethod4" time="0.002"/>
  <testcase classname="extentReport.TestCaseExample" name="testMethod5" time="0.006">
    <skipped/>
  </testcase> <!-- testMethod5 -->
</testsuite> <!-- Test -->
