<?xml version="1.0" encoding="UTF-8"?>
<!-- Generated by org.testng.reporters.JUnitXMLReporter -->
<testsuite ignored="0" hostname="DESKTOP-H5SRGID" failures="0" tests="2" name="BankingApp Test" time="76.497" errors="0" timestamp="2023-08-02T15:45:47 IST">
  <testcase classname="com.inetbanking.testCases.TC_LoginTest_001" name="loginTest" time="5.634"/>
  <testcase classname="com.inetbanking.testCases.TC_AddCustomerTest_003" name="addNewCustomer" time="27.572"/>
</testsuite> <!-- BankingApp Test -->
