<?xml version="1.0" encoding="UTF-8"?>
<testng-results ignored="0" total="1" passed="1" failed="0" skipped="0">
  <reporter-output>
  </reporter-output>
  <suite started-at="2023-08-02T19:25:36 IST" name="InternetBankingV1" finished-at="2023-08-02T19:25:56 IST" duration-ms="20673">
    <groups>
    </groups>
    <test started-at="2023-08-02T19:25:36 IST" name="BankingApp Test" finished-at="2023-08-02T19:25:56 IST" duration-ms="20673">
      <class name="com.inetbanking.testCases.TC_LoginTest_001">
        <test-method is-config="true" signature="setup(java.lang.String)[pri:0, instance:com.inetbanking.testCases.TC_LoginTest_001@4d9e68d0]" started-at="2023-08-02T19:25:36 IST" name="setup" finished-at="2023-08-02T19:25:54 IST" duration-ms="17758" status="PASS">
          <params>
            <param index="0">
              <value>
                <![CDATA[chrome]]>
              </value>
            </param>
          </params>
          <reporter-output>
          </reporter-output>
        </test-method> <!-- setup -->
        <test-method signature="loginTest()[pri:0, instance:com.inetbanking.testCases.TC_LoginTest_001@4d9e68d0]" started-at="2023-08-02T19:25:54 IST" name="loginTest" finished-at="2023-08-02T19:25:56 IST" duration-ms="2203" status="PASS">
          <reporter-output>
          </reporter-output>
        </test-method> <!-- loginTest -->
        <test-method is-config="true" signature="tearDown()[pri:0, instance:com.inetbanking.testCases.TC_LoginTest_001@4d9e68d0]" started-at="2023-08-02T19:25:56 IST" name="tearDown" finished-at="2023-08-02T19:25:56 IST" duration-ms="172" status="PASS">
          <reporter-output>
          </reporter-output>
        </test-method> <!-- tearDown -->
      </class> <!-- com.inetbanking.testCases.TC_LoginTest_001 -->
    </test> <!-- BankingApp Test -->
  </suite> <!-- InternetBankingV1 -->
</testng-results>
