<?xml version="1.0" encoding="UTF-8"?>
<testng-results ignored="0" total="2" passed="2" failed="0" skipped="0">
  <reporter-output>
  </reporter-output>
  <suite started-at="2023-08-02T15:44:30 IST" name="InternetBankingV1" finished-at="2023-08-02T15:45:46 IST" duration-ms="76497">
    <groups>
    </groups>
    <test started-at="2023-08-02T15:44:30 IST" name="BankingApp Test" finished-at="2023-08-02T15:45:46 IST" duration-ms="76497">
      <class name="com.inetbanking.testCases.TC_LoginTest_001">
        <test-method is-config="true" signature="setup(java.lang.String)[pri:0, instance:com.inetbanking.testCases.TC_LoginTest_001@302552ec]" started-at="2023-08-02T15:44:30 IST" name="setup" finished-at="2023-08-02T15:44:55 IST" duration-ms="24793" status="PASS">
          <params>
            <param index="0">
              <value>
                <![CDATA[chrome]]>
              </value>
            </param>
          </params>
          <reporter-output>
          </reporter-output>
        </test-method> <!-- setup -->
        <test-method signature="loginTest()[pri:0, instance:com.inetbanking.testCases.TC_LoginTest_001@302552ec]" started-at="2023-08-02T15:44:55 IST" name="loginTest" finished-at="2023-08-02T15:45:01 IST" duration-ms="5634" status="PASS">
          <reporter-output>
          </reporter-output>
        </test-method> <!-- loginTest -->
        <test-method is-config="true" signature="tearDown()[pri:0, instance:com.inetbanking.testCases.TC_LoginTest_001@302552ec]" started-at="2023-08-02T15:45:01 IST" name="tearDown" finished-at="2023-08-02T15:45:01 IST" duration-ms="195" status="PASS">
          <reporter-output>
          </reporter-output>
        </test-method> <!-- tearDown -->
      </class> <!-- com.inetbanking.testCases.TC_LoginTest_001 -->
      <class name="com.inetbanking.testCases.TC_AddCustomerTest_003">
        <test-method is-config="true" signature="setup(java.lang.String)[pri:0, instance:com.inetbanking.testCases.TC_AddCustomerTest_003@fbd1f6]" started-at="2023-08-02T15:45:01 IST" name="setup" finished-at="2023-08-02T15:45:18 IST" duration-ms="17435" status="PASS">
          <params>
            <param index="0">
              <value>
                <![CDATA[chrome]]>
              </value>
            </param>
          </params>
          <reporter-output>
          </reporter-output>
        </test-method> <!-- setup -->
        <test-method signature="addNewCustomer()[pri:0, instance:com.inetbanking.testCases.TC_AddCustomerTest_003@fbd1f6]" started-at="2023-08-02T15:45:18 IST" name="addNewCustomer" finished-at="2023-08-02T15:45:46 IST" duration-ms="27572" status="PASS">
          <reporter-output>
          </reporter-output>
        </test-method> <!-- addNewCustomer -->
        <test-method is-config="true" signature="tearDown()[pri:0, instance:com.inetbanking.testCases.TC_AddCustomerTest_003@fbd1f6]" started-at="2023-08-02T15:45:46 IST" name="tearDown" finished-at="2023-08-02T15:45:46 IST" duration-ms="294" status="PASS">
          <reporter-output>
          </reporter-output>
        </test-method> <!-- tearDown -->
      </class> <!-- com.inetbanking.testCases.TC_AddCustomerTest_003 -->
    </test> <!-- BankingApp Test -->
  </suite> <!-- InternetBankingV1 -->
</testng-results>
