<?xml version="1.0" encoding="UTF-8"?>
<testng-results ignored="0" total="1" passed="1" failed="0" skipped="0">
  <reporter-output>
  </reporter-output>
  <suite started-at="2023-08-04T12:22:05 IST" name="InternetBankingV1" finished-at="2023-08-04T12:22:42 IST" duration-ms="36658">
    <groups>
    </groups>
    <test started-at="2023-08-04T12:22:05 IST" name="BankingApp Test" finished-at="2023-08-04T12:22:42 IST" duration-ms="36658">
      <class name="com.inetbanking.testCases.TC_AddCustomerTest_003">
        <test-method is-config="true" signature="setup(java.lang.String)[pri:0, instance:com.inetbanking.testCases.TC_AddCustomerTest_003@302552ec]" started-at="2023-08-04T12:22:06 IST" name="setup" finished-at="2023-08-04T12:22:15 IST" duration-ms="8995" status="PASS">
          <params>
            <param index="0">
              <value>
                <![CDATA[chrome]]>
              </value>
            </param>
          </params>
          <reporter-output>
          </reporter-output>
        </test-method> <!-- setup -->
        <test-method signature="addNewCustomer()[pri:0, instance:com.inetbanking.testCases.TC_AddCustomerTest_003@302552ec]" started-at="2023-08-04T12:22:15 IST" name="addNewCustomer" finished-at="2023-08-04T12:22:42 IST" duration-ms="26545" status="PASS">
          <reporter-output>
          </reporter-output>
        </test-method> <!-- addNewCustomer -->
        <test-method is-config="true" signature="tearDown()[pri:0, instance:com.inetbanking.testCases.TC_AddCustomerTest_003@302552ec]" started-at="2023-08-04T12:22:42 IST" name="tearDown" finished-at="2023-08-04T12:22:42 IST" duration-ms="484" status="PASS">
          <reporter-output>
          </reporter-output>
        </test-method> <!-- tearDown -->
      </class> <!-- com.inetbanking.testCases.TC_AddCustomerTest_003 -->
    </test> <!-- BankingApp Test -->
  </suite> <!-- InternetBankingV1 -->
</testng-results>
